2023-09-21 16:03:48.730  INFO 10516 --- [main] c.r.SpringBootRestServiceApplication     : Starting SpringBootRestServiceApplication using Java 18.0.1.1 on EPINPUNW0254 with PID 10516 (D:\practice_workspace\java_space\rahul-shetty-pact-testing\SpringBootRestService\target\classes started by Kiranmoy_Paul in D:\practice_workspace\java_space\rahul-shetty-pact-testing\SpringBootRestService)
2023-09-21 16:03:48.759  INFO 10516 --- [main] c.r.SpringBootRestServiceApplication     : No active profile set, falling back to default profiles: default
2023-09-21 16:03:50.465  INFO 10516 --- [main] .s.d.r.c.RepositoryConfigurationDelegate : Bootstrapping Spring Data JPA repositories in DEFAULT mode.
2023-09-21 16:03:50.819  INFO 10516 --- [main] .s.d.r.c.RepositoryConfigurationDelegate : Finished Spring Data repository scanning in 328 ms. Found 1 JPA repository interfaces.
2023-09-21 16:03:52.606  INFO 10516 --- [main] o.s.b.w.embedded.tomcat.TomcatWebServer  : Tomcat initialized with port(s): 9090 (http)
2023-09-21 16:03:52.629  INFO 10516 --- [main] o.apache.catalina.core.StandardService   : Starting service [Tomcat]
2023-09-21 16:03:52.629  INFO 10516 --- [main] org.apache.catalina.core.StandardEngine  : Starting Servlet engine: [Apache Tomcat/9.0.48]
2023-09-21 16:03:52.869  INFO 10516 --- [main] o.a.c.c.C.[Tomcat].[localhost].[/]       : Initializing Spring embedded WebApplicationContext
2023-09-21 16:03:52.869  INFO 10516 --- [main] w.s.c.ServletWebServerApplicationContext : Root WebApplicationContext: initialization completed in 3958 ms
2023-09-21 16:03:52.876 TRACE 10516 --- [main] o.s.b.w.s.ServletContextInitializerBeans : Added existing Servlet initializer bean 'dispatcherServletRegistration'; order=2147483647, resource=class path resource [org/springframework/boot/autoconfigure/web/servlet/DispatcherServletAutoConfiguration$DispatcherServletRegistrationConfiguration.class]
2023-09-21 16:03:52.903 TRACE 10516 --- [main] o.s.b.w.s.ServletContextInitializerBeans : Created Filter initializer for bean 'characterEncodingFilter'; order=-2147483648, resource=class path resource [org/springframework/boot/autoconfigure/web/servlet/HttpEncodingAutoConfiguration.class]
2023-09-21 16:03:52.903 TRACE 10516 --- [main] o.s.b.w.s.ServletContextInitializerBeans : Created Filter initializer for bean 'formContentFilter'; order=-9900, resource=class path resource [org/springframework/boot/autoconfigure/web/servlet/WebMvcAutoConfiguration.class]
2023-09-21 16:03:52.904 TRACE 10516 --- [main] o.s.b.w.s.ServletContextInitializerBeans : Created Filter initializer for bean 'requestContextFilter'; order=-105, resource=class path resource [org/springframework/boot/autoconfigure/web/servlet/WebMvcAutoConfiguration$WebMvcAutoConfigurationAdapter.class]
2023-09-21 16:03:52.918 DEBUG 10516 --- [main] o.s.b.w.s.ServletContextInitializerBeans : Mapping filters: characterEncodingFilter urls=[/*] order=-2147483648, formContentFilter urls=[/*] order=-9900, requestContextFilter urls=[/*] order=-105
2023-09-21 16:03:52.919 DEBUG 10516 --- [main] o.s.b.w.s.ServletContextInitializerBeans : Mapping servlets: dispatcherServlet urls=[/]
2023-09-21 16:03:53.267  INFO 10516 --- [main] com.zaxxer.hikari.HikariDataSource       : HikariPool-1 - Starting...
2023-09-21 16:03:53.285  WARN 10516 --- [main] com.zaxxer.hikari.util.DriverDataSource  : Registered driver with driverClassName=oracle.jdbc.driver.OracleDriver was not found, trying direct instantiation.
2023-09-21 16:03:54.603 ERROR 10516 --- [main] com.zaxxer.hikari.pool.HikariPool        : HikariPool-1 - Exception during pool initialization.

java.sql.SQLException: ORA-12541: Cannot connect. No listener at host localhost port 1521. (CONNECTION_ID=dFGzSdQ1QmuZqmTqspuLGQ==)
	at oracle.jdbc.driver.T4CConnection.handleLogonNetException(T4CConnection.java:1083) ~[ojdbc8-23.2.0.0.jar:23.2.0.0.0]
	at oracle.jdbc.driver.T4CConnection.logon(T4CConnection.java:863) ~[ojdbc8-23.2.0.0.jar:23.2.0.0.0]
	at oracle.jdbc.driver.PhysicalConnection.connect(PhysicalConnection.java:1101) ~[ojdbc8-23.2.0.0.jar:23.2.0.0.0]
	at oracle.jdbc.driver.T4CDriverExtension.getConnection(T4CDriverExtension.java:104) ~[ojdbc8-23.2.0.0.jar:23.2.0.0.0]
	at oracle.jdbc.driver.OracleDriver.connect(OracleDriver.java:837) ~[ojdbc8-23.2.0.0.jar:23.2.0.0.0]
	at oracle.jdbc.driver.OracleDriver.connect(OracleDriver.java:664) ~[ojdbc8-23.2.0.0.jar:23.2.0.0.0]
	at com.zaxxer.hikari.util.DriverDataSource.getConnection(DriverDataSource.java:138) ~[HikariCP-4.0.3.jar:na]
	at com.zaxxer.hikari.pool.PoolBase.newConnection(PoolBase.java:364) ~[HikariCP-4.0.3.jar:na]
	at com.zaxxer.hikari.pool.PoolBase.newPoolEntry(PoolBase.java:206) ~[HikariCP-4.0.3.jar:na]
	at com.zaxxer.hikari.pool.HikariPool.createPoolEntry(HikariPool.java:476) ~[HikariCP-4.0.3.jar:na]
	at com.zaxxer.hikari.pool.HikariPool.checkFailFast(HikariPool.java:561) ~[HikariCP-4.0.3.jar:na]
	at com.zaxxer.hikari.pool.HikariPool.<init>(HikariPool.java:115) ~[HikariCP-4.0.3.jar:na]
	at com.zaxxer.hikari.HikariDataSource.getConnection(HikariDataSource.java:112) ~[HikariCP-4.0.3.jar:na]
	at org.springframework.jdbc.datasource.DataSourceUtils.fetchConnection(DataSourceUtils.java:158) ~[spring-jdbc-5.3.8.jar:5.3.8]
	at org.springframework.jdbc.datasource.DataSourceUtils.doGetConnection(DataSourceUtils.java:116) ~[spring-jdbc-5.3.8.jar:5.3.8]
	at org.springframework.jdbc.datasource.DataSourceUtils.getConnection(DataSourceUtils.java:79) ~[spring-jdbc-5.3.8.jar:5.3.8]
	at org.springframework.jdbc.core.JdbcTemplate.execute(JdbcTemplate.java:330) ~[spring-jdbc-5.3.8.jar:5.3.8]
	at org.springframework.boot.jdbc.EmbeddedDatabaseConnection.isEmbedded(EmbeddedDatabaseConnection.java:184) ~[spring-boot-2.5.2.jar:2.5.2]
	at org.springframework.boot.jdbc.init.DataSourceScriptDatabaseInitializer.isEmbeddedDatabase(DataSourceScriptDatabaseInitializer.java:70) ~[spring-boot-2.5.2.jar:2.5.2]
	at org.springframework.boot.sql.init.AbstractScriptDatabaseInitializer.isEnabled(AbstractScriptDatabaseInitializer.java:83) ~[spring-boot-2.5.2.jar:2.5.2]
	at org.springframework.boot.sql.init.AbstractScriptDatabaseInitializer.applyScripts(AbstractScriptDatabaseInitializer.java:106) ~[spring-boot-2.5.2.jar:2.5.2]
	at org.springframework.boot.sql.init.AbstractScriptDatabaseInitializer.applyDataScripts(AbstractScriptDatabaseInitializer.java:101) ~[spring-boot-2.5.2.jar:2.5.2]
	at org.springframework.boot.sql.init.AbstractScriptDatabaseInitializer.initializeDatabase(AbstractScriptDatabaseInitializer.java:76) ~[spring-boot-2.5.2.jar:2.5.2]
	at org.springframework.boot.sql.init.AbstractScriptDatabaseInitializer.afterPropertiesSet(AbstractScriptDatabaseInitializer.java:65) ~[spring-boot-2.5.2.jar:2.5.2]
	at org.springframework.beans.factory.support.AbstractAutowireCapableBeanFactory.invokeInitMethods(AbstractAutowireCapableBeanFactory.java:1845) ~[spring-beans-5.3.8.jar:5.3.8]
	at org.springframework.beans.factory.support.AbstractAutowireCapableBeanFactory.initializeBean(AbstractAutowireCapableBeanFactory.java:1782) ~[spring-beans-5.3.8.jar:5.3.8]
	at org.springframework.beans.factory.support.AbstractAutowireCapableBeanFactory.doCreateBean(AbstractAutowireCapableBeanFactory.java:602) ~[spring-beans-5.3.8.jar:5.3.8]
	at org.springframework.beans.factory.support.AbstractAutowireCapableBeanFactory.createBean(AbstractAutowireCapableBeanFactory.java:524) ~[spring-beans-5.3.8.jar:5.3.8]
	at org.springframework.beans.factory.support.AbstractBeanFactory.lambda$doGetBean$0(AbstractBeanFactory.java:335) ~[spring-beans-5.3.8.jar:5.3.8]
	at org.springframework.beans.factory.support.DefaultSingletonBeanRegistry.getSingleton(DefaultSingletonBeanRegistry.java:234) ~[spring-beans-5.3.8.jar:5.3.8]
	at org.springframework.beans.factory.support.AbstractBeanFactory.doGetBean(AbstractBeanFactory.java:333) ~[spring-beans-5.3.8.jar:5.3.8]
	at org.springframework.beans.factory.support.AbstractBeanFactory.getBean(AbstractBeanFactory.java:208) ~[spring-beans-5.3.8.jar:5.3.8]
	at org.springframework.beans.factory.support.AbstractBeanFactory.doGetBean(AbstractBeanFactory.java:322) ~[spring-beans-5.3.8.jar:5.3.8]
	at org.springframework.beans.factory.support.AbstractBeanFactory.getBean(AbstractBeanFactory.java:208) ~[spring-beans-5.3.8.jar:5.3.8]
	at org.springframework.context.support.AbstractApplicationContext.getBean(AbstractApplicationContext.java:1154) ~[spring-context-5.3.8.jar:5.3.8]
	at org.springframework.context.support.AbstractApplicationContext.finishBeanFactoryInitialization(AbstractApplicationContext.java:908) ~[spring-context-5.3.8.jar:5.3.8]
	at org.springframework.context.support.AbstractApplicationContext.refresh(AbstractApplicationContext.java:583) ~[spring-context-5.3.8.jar:5.3.8]
	at org.springframework.boot.web.servlet.context.ServletWebServerApplicationContext.refresh(ServletWebServerApplicationContext.java:145) ~[spring-boot-2.5.2.jar:2.5.2]
	at org.springframework.boot.SpringApplication.refresh(SpringApplication.java:754) ~[spring-boot-2.5.2.jar:2.5.2]
	at org.springframework.boot.SpringApplication.refreshContext(SpringApplication.java:434) ~[spring-boot-2.5.2.jar:2.5.2]
	at org.springframework.boot.SpringApplication.run(SpringApplication.java:338) ~[spring-boot-2.5.2.jar:2.5.2]
	at org.springframework.boot.SpringApplication.run(SpringApplication.java:1343) ~[spring-boot-2.5.2.jar:2.5.2]
	at org.springframework.boot.SpringApplication.run(SpringApplication.java:1332) ~[spring-boot-2.5.2.jar:2.5.2]
	at com.rahulshettyacademy.SpringBootRestServiceApplication.main(SpringBootRestServiceApplication.java:15) ~[classes/:na]
Caused by: oracle.net.ns.NetException: ORA-12541: Cannot connect. No listener at host localhost port 1521. (CONNECTION_ID=dFGzSdQ1QmuZqmTqspuLGQ==)
	at oracle.net.nt.TcpNTAdapter.establishSocket(TcpNTAdapter.java:312) ~[ojdbc8-23.2.0.0.jar:23.2.0.0.0]
	at oracle.net.nt.TcpNTAdapter.connect(TcpNTAdapter.java:223) ~[ojdbc8-23.2.0.0.jar:23.2.0.0.0]
	at oracle.net.nt.ConnOption.connect(ConnOption.java:259) ~[ojdbc8-23.2.0.0.jar:23.2.0.0.0]
	at oracle.net.nt.ConnStrategy.executeConnOption(ConnStrategy.java:1076) ~[ojdbc8-23.2.0.0.jar:23.2.0.0.0]
	at oracle.net.nt.ConnStrategy.execute(ConnStrategy.java:681) ~[ojdbc8-23.2.0.0.jar:23.2.0.0.0]
	at oracle.net.resolver.AddrResolution.resolveAndExecute(AddrResolution.java:688) ~[ojdbc8-23.2.0.0.jar:23.2.0.0.0]
	at oracle.net.ns.NSProtocol.establishConnection(NSProtocol.java:935) ~[ojdbc8-23.2.0.0.jar:23.2.0.0.0]
	at oracle.net.ns.NSProtocol.connect(NSProtocol.java:323) ~[ojdbc8-23.2.0.0.jar:23.2.0.0.0]
	at oracle.jdbc.driver.T4CConnection.connectSession(T4CConnection.java:2645) ~[ojdbc8-23.2.0.0.jar:23.2.0.0.0]
	at oracle.jdbc.driver.T4CConnection.logon(T4CConnection.java:795) ~[ojdbc8-23.2.0.0.jar:23.2.0.0.0]
	... 42 common frames omitted

2023-09-21 16:03:54.792  INFO 10516 --- [main] o.hibernate.jpa.internal.util.LogHelper  : HHH000204: Processing PersistenceUnitInfo [name: default]
2023-09-21 16:03:54.934  INFO 10516 --- [main] org.hibernate.Version                    : HHH000412: Hibernate ORM core version 5.4.32.Final
2023-09-21 16:03:55.298  INFO 10516 --- [main] o.hibernate.annotations.common.Version   : HCANN000001: Hibernate Commons Annotations {5.1.2.Final}
2023-09-21 16:03:55.540  INFO 10516 --- [main] com.zaxxer.hikari.HikariDataSource       : HikariPool-1 - Starting...
2023-09-21 16:03:55.541  WARN 10516 --- [main] com.zaxxer.hikari.util.DriverDataSource  : Registered driver with driverClassName=oracle.jdbc.driver.OracleDriver was not found, trying direct instantiation.
2023-09-21 16:03:56.550 ERROR 10516 --- [main] com.zaxxer.hikari.pool.HikariPool        : HikariPool-1 - Exception during pool initialization.

java.sql.SQLException: ORA-12541: Cannot connect. No listener at host localhost port 1521. (CONNECTION_ID=qsGZgcLKS42n3s32ZgTcXQ==)
	at oracle.jdbc.driver.T4CConnection.handleLogonNetException(T4CConnection.java:1083) ~[ojdbc8-23.2.0.0.jar:23.2.0.0.0]
	at oracle.jdbc.driver.T4CConnection.logon(T4CConnection.java:863) ~[ojdbc8-23.2.0.0.jar:23.2.0.0.0]
	at oracle.jdbc.driver.PhysicalConnection.connect(PhysicalConnection.java:1101) ~[ojdbc8-23.2.0.0.jar:23.2.0.0.0]
	at oracle.jdbc.driver.T4CDriverExtension.getConnection(T4CDriverExtension.java:104) ~[ojdbc8-23.2.0.0.jar:23.2.0.0.0]
	at oracle.jdbc.driver.OracleDriver.connect(OracleDriver.java:837) ~[ojdbc8-23.2.0.0.jar:23.2.0.0.0]
	at oracle.jdbc.driver.OracleDriver.connect(OracleDriver.java:664) ~[ojdbc8-23.2.0.0.jar:23.2.0.0.0]
	at com.zaxxer.hikari.util.DriverDataSource.getConnection(DriverDataSource.java:138) ~[HikariCP-4.0.3.jar:na]
	at com.zaxxer.hikari.pool.PoolBase.newConnection(PoolBase.java:364) ~[HikariCP-4.0.3.jar:na]
	at com.zaxxer.hikari.pool.PoolBase.newPoolEntry(PoolBase.java:206) ~[HikariCP-4.0.3.jar:na]
	at com.zaxxer.hikari.pool.HikariPool.createPoolEntry(HikariPool.java:476) ~[HikariCP-4.0.3.jar:na]
	at com.zaxxer.hikari.pool.HikariPool.checkFailFast(HikariPool.java:561) ~[HikariCP-4.0.3.jar:na]
	at com.zaxxer.hikari.pool.HikariPool.<init>(HikariPool.java:115) ~[HikariCP-4.0.3.jar:na]
	at com.zaxxer.hikari.HikariDataSource.getConnection(HikariDataSource.java:112) ~[HikariCP-4.0.3.jar:na]
	at org.hibernate.engine.jdbc.connections.internal.DatasourceConnectionProviderImpl.getConnection(DatasourceConnectionProviderImpl.java:122) ~[hibernate-core-5.4.32.Final.jar:5.4.32.Final]
	at org.hibernate.engine.jdbc.env.internal.JdbcEnvironmentInitiator$ConnectionProviderJdbcConnectionAccess.obtainConnection(JdbcEnvironmentInitiator.java:180) ~[hibernate-core-5.4.32.Final.jar:5.4.32.Final]
	at org.hibernate.engine.jdbc.env.internal.JdbcEnvironmentInitiator.initiateService(JdbcEnvironmentInitiator.java:68) ~[hibernate-core-5.4.32.Final.jar:5.4.32.Final]
	at org.hibernate.engine.jdbc.env.internal.JdbcEnvironmentInitiator.initiateService(JdbcEnvironmentInitiator.java:35) ~[hibernate-core-5.4.32.Final.jar:5.4.32.Final]
	at org.hibernate.boot.registry.internal.StandardServiceRegistryImpl.initiateService(StandardServiceRegistryImpl.java:101) ~[hibernate-core-5.4.32.Final.jar:5.4.32.Final]
	at org.hibernate.service.internal.AbstractServiceRegistryImpl.createService(AbstractServiceRegistryImpl.java:263) ~[hibernate-core-5.4.32.Final.jar:5.4.32.Final]
	at org.hibernate.service.internal.AbstractServiceRegistryImpl.initializeService(AbstractServiceRegistryImpl.java:237) ~[hibernate-core-5.4.32.Final.jar:5.4.32.Final]
	at org.hibernate.service.internal.AbstractServiceRegistryImpl.getService(AbstractServiceRegistryImpl.java:214) ~[hibernate-core-5.4.32.Final.jar:5.4.32.Final]
	at org.hibernate.id.factory.internal.DefaultIdentifierGeneratorFactory.injectServices(DefaultIdentifierGeneratorFactory.java:152) ~[hibernate-core-5.4.32.Final.jar:5.4.32.Final]
	at org.hibernate.service.internal.AbstractServiceRegistryImpl.injectDependencies(AbstractServiceRegistryImpl.java:286) ~[hibernate-core-5.4.32.Final.jar:5.4.32.Final]
	at org.hibernate.service.internal.AbstractServiceRegistryImpl.initializeService(AbstractServiceRegistryImpl.java:243) ~[hibernate-core-5.4.32.Final.jar:5.4.32.Final]
	at org.hibernate.service.internal.AbstractServiceRegistryImpl.getService(AbstractServiceRegistryImpl.java:214) ~[hibernate-core-5.4.32.Final.jar:5.4.32.Final]
	at org.hibernate.boot.internal.InFlightMetadataCollectorImpl.<init>(InFlightMetadataCollectorImpl.java:176) ~[hibernate-core-5.4.32.Final.jar:5.4.32.Final]
	at org.hibernate.boot.model.process.spi.MetadataBuildingProcess.complete(MetadataBuildingProcess.java:127) ~[hibernate-core-5.4.32.Final.jar:5.4.32.Final]
	at org.hibernate.jpa.boot.internal.EntityManagerFactoryBuilderImpl.metadata(EntityManagerFactoryBuilderImpl.java:1224) ~[hibernate-core-5.4.32.Final.jar:5.4.32.Final]
	at org.hibernate.jpa.boot.internal.EntityManagerFactoryBuilderImpl.build(EntityManagerFactoryBuilderImpl.java:1255) ~[hibernate-core-5.4.32.Final.jar:5.4.32.Final]
	at org.springframework.orm.jpa.vendor.SpringHibernateJpaPersistenceProvider.createContainerEntityManagerFactory(SpringHibernateJpaPersistenceProvider.java:58) ~[spring-orm-5.3.8.jar:5.3.8]
	at org.springframework.orm.jpa.LocalContainerEntityManagerFactoryBean.createNativeEntityManagerFactory(LocalContainerEntityManagerFactoryBean.java:365) ~[spring-orm-5.3.8.jar:5.3.8]
	at org.springframework.orm.jpa.AbstractEntityManagerFactoryBean.buildNativeEntityManagerFactory(AbstractEntityManagerFactoryBean.java:409) ~[spring-orm-5.3.8.jar:5.3.8]
	at org.springframework.orm.jpa.AbstractEntityManagerFactoryBean.afterPropertiesSet(AbstractEntityManagerFactoryBean.java:396) ~[spring-orm-5.3.8.jar:5.3.8]
	at org.springframework.orm.jpa.LocalContainerEntityManagerFactoryBean.afterPropertiesSet(LocalContainerEntityManagerFactoryBean.java:341) ~[spring-orm-5.3.8.jar:5.3.8]
	at org.springframework.beans.factory.support.AbstractAutowireCapableBeanFactory.invokeInitMethods(AbstractAutowireCapableBeanFactory.java:1845) ~[spring-beans-5.3.8.jar:5.3.8]
	at org.springframework.beans.factory.support.AbstractAutowireCapableBeanFactory.initializeBean(AbstractAutowireCapableBeanFactory.java:1782) ~[spring-beans-5.3.8.jar:5.3.8]
	at org.springframework.beans.factory.support.AbstractAutowireCapableBeanFactory.doCreateBean(AbstractAutowireCapableBeanFactory.java:602) ~[spring-beans-5.3.8.jar:5.3.8]
	at org.springframework.beans.factory.support.AbstractAutowireCapableBeanFactory.createBean(AbstractAutowireCapableBeanFactory.java:524) ~[spring-beans-5.3.8.jar:5.3.8]
	at org.springframework.beans.factory.support.AbstractBeanFactory.lambda$doGetBean$0(AbstractBeanFactory.java:335) ~[spring-beans-5.3.8.jar:5.3.8]
	at org.springframework.beans.factory.support.DefaultSingletonBeanRegistry.getSingleton(DefaultSingletonBeanRegistry.java:234) ~[spring-beans-5.3.8.jar:5.3.8]
	at org.springframework.beans.factory.support.AbstractBeanFactory.doGetBean(AbstractBeanFactory.java:333) ~[spring-beans-5.3.8.jar:5.3.8]
	at org.springframework.beans.factory.support.AbstractBeanFactory.getBean(AbstractBeanFactory.java:208) ~[spring-beans-5.3.8.jar:5.3.8]
	at org.springframework.context.support.AbstractApplicationContext.getBean(AbstractApplicationContext.java:1154) ~[spring-context-5.3.8.jar:5.3.8]
	at org.springframework.context.support.AbstractApplicationContext.finishBeanFactoryInitialization(AbstractApplicationContext.java:908) ~[spring-context-5.3.8.jar:5.3.8]
	at org.springframework.context.support.AbstractApplicationContext.refresh(AbstractApplicationContext.java:583) ~[spring-context-5.3.8.jar:5.3.8]
	at org.springframework.boot.web.servlet.context.ServletWebServerApplicationContext.refresh(ServletWebServerApplicationContext.java:145) ~[spring-boot-2.5.2.jar:2.5.2]
	at org.springframework.boot.SpringApplication.refresh(SpringApplication.java:754) ~[spring-boot-2.5.2.jar:2.5.2]
	at org.springframework.boot.SpringApplication.refreshContext(SpringApplication.java:434) ~[spring-boot-2.5.2.jar:2.5.2]
	at org.springframework.boot.SpringApplication.run(SpringApplication.java:338) ~[spring-boot-2.5.2.jar:2.5.2]
	at org.springframework.boot.SpringApplication.run(SpringApplication.java:1343) ~[spring-boot-2.5.2.jar:2.5.2]
	at org.springframework.boot.SpringApplication.run(SpringApplication.java:1332) ~[spring-boot-2.5.2.jar:2.5.2]
	at com.rahulshettyacademy.SpringBootRestServiceApplication.main(SpringBootRestServiceApplication.java:15) ~[classes/:na]
Caused by: oracle.net.ns.NetException: ORA-12541: Cannot connect. No listener at host localhost port 1521. (CONNECTION_ID=qsGZgcLKS42n3s32ZgTcXQ==)
	at oracle.net.nt.TcpNTAdapter.establishSocket(TcpNTAdapter.java:312) ~[ojdbc8-23.2.0.0.jar:23.2.0.0.0]
	at oracle.net.nt.TcpNTAdapter.connect(TcpNTAdapter.java:223) ~[ojdbc8-23.2.0.0.jar:23.2.0.0.0]
	at oracle.net.nt.ConnOption.connect(ConnOption.java:259) ~[ojdbc8-23.2.0.0.jar:23.2.0.0.0]
	at oracle.net.nt.ConnStrategy.executeConnOption(ConnStrategy.java:1076) ~[ojdbc8-23.2.0.0.jar:23.2.0.0.0]
	at oracle.net.nt.ConnStrategy.execute(ConnStrategy.java:681) ~[ojdbc8-23.2.0.0.jar:23.2.0.0.0]
	at oracle.net.resolver.AddrResolution.resolveAndExecute(AddrResolution.java:688) ~[ojdbc8-23.2.0.0.jar:23.2.0.0.0]
	at oracle.net.ns.NSProtocol.establishConnection(NSProtocol.java:935) ~[ojdbc8-23.2.0.0.jar:23.2.0.0.0]
	at oracle.net.ns.NSProtocol.connect(NSProtocol.java:323) ~[ojdbc8-23.2.0.0.jar:23.2.0.0.0]
	at oracle.jdbc.driver.T4CConnection.connectSession(T4CConnection.java:2645) ~[ojdbc8-23.2.0.0.jar:23.2.0.0.0]
	at oracle.jdbc.driver.T4CConnection.logon(T4CConnection.java:795) ~[ojdbc8-23.2.0.0.jar:23.2.0.0.0]
	... 50 common frames omitted

2023-09-21 16:03:56.552  WARN 10516 --- [main] o.h.e.j.e.i.JdbcEnvironmentInitiator     : HHH000342: Could not obtain connection to query metadata

java.sql.SQLException: ORA-12541: Cannot connect. No listener at host localhost port 1521. (CONNECTION_ID=qsGZgcLKS42n3s32ZgTcXQ==)
	at oracle.jdbc.driver.T4CConnection.handleLogonNetException(T4CConnection.java:1083) ~[ojdbc8-23.2.0.0.jar:23.2.0.0.0]
	at oracle.jdbc.driver.T4CConnection.logon(T4CConnection.java:863) ~[ojdbc8-23.2.0.0.jar:23.2.0.0.0]
	at oracle.jdbc.driver.PhysicalConnection.connect(PhysicalConnection.java:1101) ~[ojdbc8-23.2.0.0.jar:23.2.0.0.0]
	at oracle.jdbc.driver.T4CDriverExtension.getConnection(T4CDriverExtension.java:104) ~[ojdbc8-23.2.0.0.jar:23.2.0.0.0]
	at oracle.jdbc.driver.OracleDriver.connect(OracleDriver.java:837) ~[ojdbc8-23.2.0.0.jar:23.2.0.0.0]
	at oracle.jdbc.driver.OracleDriver.connect(OracleDriver.java:664) ~[ojdbc8-23.2.0.0.jar:23.2.0.0.0]
	at com.zaxxer.hikari.util.DriverDataSource.getConnection(DriverDataSource.java:138) ~[HikariCP-4.0.3.jar:na]
	at com.zaxxer.hikari.pool.PoolBase.newConnection(PoolBase.java:364) ~[HikariCP-4.0.3.jar:na]
	at com.zaxxer.hikari.pool.PoolBase.newPoolEntry(PoolBase.java:206) ~[HikariCP-4.0.3.jar:na]
	at com.zaxxer.hikari.pool.HikariPool.createPoolEntry(HikariPool.java:476) ~[HikariCP-4.0.3.jar:na]
	at com.zaxxer.hikari.pool.HikariPool.checkFailFast(HikariPool.java:561) ~[HikariCP-4.0.3.jar:na]
	at com.zaxxer.hikari.pool.HikariPool.<init>(HikariPool.java:115) ~[HikariCP-4.0.3.jar:na]
	at com.zaxxer.hikari.HikariDataSource.getConnection(HikariDataSource.java:112) ~[HikariCP-4.0.3.jar:na]
	at org.hibernate.engine.jdbc.connections.internal.DatasourceConnectionProviderImpl.getConnection(DatasourceConnectionProviderImpl.java:122) ~[hibernate-core-5.4.32.Final.jar:5.4.32.Final]
	at org.hibernate.engine.jdbc.env.internal.JdbcEnvironmentInitiator$ConnectionProviderJdbcConnectionAccess.obtainConnection(JdbcEnvironmentInitiator.java:180) ~[hibernate-core-5.4.32.Final.jar:5.4.32.Final]
	at org.hibernate.engine.jdbc.env.internal.JdbcEnvironmentInitiator.initiateService(JdbcEnvironmentInitiator.java:68) ~[hibernate-core-5.4.32.Final.jar:5.4.32.Final]
	at org.hibernate.engine.jdbc.env.internal.JdbcEnvironmentInitiator.initiateService(JdbcEnvironmentInitiator.java:35) ~[hibernate-core-5.4.32.Final.jar:5.4.32.Final]
	at org.hibernate.boot.registry.internal.StandardServiceRegistryImpl.initiateService(StandardServiceRegistryImpl.java:101) ~[hibernate-core-5.4.32.Final.jar:5.4.32.Final]
	at org.hibernate.service.internal.AbstractServiceRegistryImpl.createService(AbstractServiceRegistryImpl.java:263) ~[hibernate-core-5.4.32.Final.jar:5.4.32.Final]
	at org.hibernate.service.internal.AbstractServiceRegistryImpl.initializeService(AbstractServiceRegistryImpl.java:237) ~[hibernate-core-5.4.32.Final.jar:5.4.32.Final]
	at org.hibernate.service.internal.AbstractServiceRegistryImpl.getService(AbstractServiceRegistryImpl.java:214) ~[hibernate-core-5.4.32.Final.jar:5.4.32.Final]
	at org.hibernate.id.factory.internal.DefaultIdentifierGeneratorFactory.injectServices(DefaultIdentifierGeneratorFactory.java:152) ~[hibernate-core-5.4.32.Final.jar:5.4.32.Final]
	at org.hibernate.service.internal.AbstractServiceRegistryImpl.injectDependencies(AbstractServiceRegistryImpl.java:286) ~[hibernate-core-5.4.32.Final.jar:5.4.32.Final]
	at org.hibernate.service.internal.AbstractServiceRegistryImpl.initializeService(AbstractServiceRegistryImpl.java:243) ~[hibernate-core-5.4.32.Final.jar:5.4.32.Final]
	at org.hibernate.service.internal.AbstractServiceRegistryImpl.getService(AbstractServiceRegistryImpl.java:214) ~[hibernate-core-5.4.32.Final.jar:5.4.32.Final]
	at org.hibernate.boot.internal.InFlightMetadataCollectorImpl.<init>(InFlightMetadataCollectorImpl.java:176) ~[hibernate-core-5.4.32.Final.jar:5.4.32.Final]
	at org.hibernate.boot.model.process.spi.MetadataBuildingProcess.complete(MetadataBuildingProcess.java:127) ~[hibernate-core-5.4.32.Final.jar:5.4.32.Final]
	at org.hibernate.jpa.boot.internal.EntityManagerFactoryBuilderImpl.metadata(EntityManagerFactoryBuilderImpl.java:1224) ~[hibernate-core-5.4.32.Final.jar:5.4.32.Final]
	at org.hibernate.jpa.boot.internal.EntityManagerFactoryBuilderImpl.build(EntityManagerFactoryBuilderImpl.java:1255) ~[hibernate-core-5.4.32.Final.jar:5.4.32.Final]
	at org.springframework.orm.jpa.vendor.SpringHibernateJpaPersistenceProvider.createContainerEntityManagerFactory(SpringHibernateJpaPersistenceProvider.java:58) ~[spring-orm-5.3.8.jar:5.3.8]
	at org.springframework.orm.jpa.LocalContainerEntityManagerFactoryBean.createNativeEntityManagerFactory(LocalContainerEntityManagerFactoryBean.java:365) ~[spring-orm-5.3.8.jar:5.3.8]
	at org.springframework.orm.jpa.AbstractEntityManagerFactoryBean.buildNativeEntityManagerFactory(AbstractEntityManagerFactoryBean.java:409) ~[spring-orm-5.3.8.jar:5.3.8]
	at org.springframework.orm.jpa.AbstractEntityManagerFactoryBean.afterPropertiesSet(AbstractEntityManagerFactoryBean.java:396) ~[spring-orm-5.3.8.jar:5.3.8]
	at org.springframework.orm.jpa.LocalContainerEntityManagerFactoryBean.afterPropertiesSet(LocalContainerEntityManagerFactoryBean.java:341) ~[spring-orm-5.3.8.jar:5.3.8]
	at org.springframework.beans.factory.support.AbstractAutowireCapableBeanFactory.invokeInitMethods(AbstractAutowireCapableBeanFactory.java:1845) ~[spring-beans-5.3.8.jar:5.3.8]
	at org.springframework.beans.factory.support.AbstractAutowireCapableBeanFactory.initializeBean(AbstractAutowireCapableBeanFactory.java:1782) ~[spring-beans-5.3.8.jar:5.3.8]
	at org.springframework.beans.factory.support.AbstractAutowireCapableBeanFactory.doCreateBean(AbstractAutowireCapableBeanFactory.java:602) ~[spring-beans-5.3.8.jar:5.3.8]
	at org.springframework.beans.factory.support.AbstractAutowireCapableBeanFactory.createBean(AbstractAutowireCapableBeanFactory.java:524) ~[spring-beans-5.3.8.jar:5.3.8]
	at org.springframework.beans.factory.support.AbstractBeanFactory.lambda$doGetBean$0(AbstractBeanFactory.java:335) ~[spring-beans-5.3.8.jar:5.3.8]
	at org.springframework.beans.factory.support.DefaultSingletonBeanRegistry.getSingleton(DefaultSingletonBeanRegistry.java:234) ~[spring-beans-5.3.8.jar:5.3.8]
	at org.springframework.beans.factory.support.AbstractBeanFactory.doGetBean(AbstractBeanFactory.java:333) ~[spring-beans-5.3.8.jar:5.3.8]
	at org.springframework.beans.factory.support.AbstractBeanFactory.getBean(AbstractBeanFactory.java:208) ~[spring-beans-5.3.8.jar:5.3.8]
	at org.springframework.context.support.AbstractApplicationContext.getBean(AbstractApplicationContext.java:1154) ~[spring-context-5.3.8.jar:5.3.8]
	at org.springframework.context.support.AbstractApplicationContext.finishBeanFactoryInitialization(AbstractApplicationContext.java:908) ~[spring-context-5.3.8.jar:5.3.8]
	at org.springframework.context.support.AbstractApplicationContext.refresh(AbstractApplicationContext.java:583) ~[spring-context-5.3.8.jar:5.3.8]
	at org.springframework.boot.web.servlet.context.ServletWebServerApplicationContext.refresh(ServletWebServerApplicationContext.java:145) ~[spring-boot-2.5.2.jar:2.5.2]
	at org.springframework.boot.SpringApplication.refresh(SpringApplication.java:754) ~[spring-boot-2.5.2.jar:2.5.2]
	at org.springframework.boot.SpringApplication.refreshContext(SpringApplication.java:434) ~[spring-boot-2.5.2.jar:2.5.2]
	at org.springframework.boot.SpringApplication.run(SpringApplication.java:338) ~[spring-boot-2.5.2.jar:2.5.2]
	at org.springframework.boot.SpringApplication.run(SpringApplication.java:1343) ~[spring-boot-2.5.2.jar:2.5.2]
	at org.springframework.boot.SpringApplication.run(SpringApplication.java:1332) ~[spring-boot-2.5.2.jar:2.5.2]
	at com.rahulshettyacademy.SpringBootRestServiceApplication.main(SpringBootRestServiceApplication.java:15) ~[classes/:na]
Caused by: oracle.net.ns.NetException: ORA-12541: Cannot connect. No listener at host localhost port 1521. (CONNECTION_ID=qsGZgcLKS42n3s32ZgTcXQ==)
	at oracle.net.nt.TcpNTAdapter.establishSocket(TcpNTAdapter.java:312) ~[ojdbc8-23.2.0.0.jar:23.2.0.0.0]
	at oracle.net.nt.TcpNTAdapter.connect(TcpNTAdapter.java:223) ~[ojdbc8-23.2.0.0.jar:23.2.0.0.0]
	at oracle.net.nt.ConnOption.connect(ConnOption.java:259) ~[ojdbc8-23.2.0.0.jar:23.2.0.0.0]
	at oracle.net.nt.ConnStrategy.executeConnOption(ConnStrategy.java:1076) ~[ojdbc8-23.2.0.0.jar:23.2.0.0.0]
	at oracle.net.nt.ConnStrategy.execute(ConnStrategy.java:681) ~[ojdbc8-23.2.0.0.jar:23.2.0.0.0]
	at oracle.net.resolver.AddrResolution.resolveAndExecute(AddrResolution.java:688) ~[ojdbc8-23.2.0.0.jar:23.2.0.0.0]
	at oracle.net.ns.NSProtocol.establishConnection(NSProtocol.java:935) ~[ojdbc8-23.2.0.0.jar:23.2.0.0.0]
	at oracle.net.ns.NSProtocol.connect(NSProtocol.java:323) ~[ojdbc8-23.2.0.0.jar:23.2.0.0.0]
	at oracle.jdbc.driver.T4CConnection.connectSession(T4CConnection.java:2645) ~[ojdbc8-23.2.0.0.jar:23.2.0.0.0]
	at oracle.jdbc.driver.T4CConnection.logon(T4CConnection.java:795) ~[ojdbc8-23.2.0.0.jar:23.2.0.0.0]
	... 50 common frames omitted

2023-09-21 16:03:56.622  INFO 10516 --- [main] org.hibernate.dialect.Dialect            : HHH000400: Using dialect: org.hibernate.dialect.Oracle12cDialect
2023-09-21 16:03:58.258  INFO 10516 --- [main] com.zaxxer.hikari.HikariDataSource       : HikariPool-1 - Starting...
2023-09-21 16:03:58.258  WARN 10516 --- [main] com.zaxxer.hikari.util.DriverDataSource  : Registered driver with driverClassName=oracle.jdbc.driver.OracleDriver was not found, trying direct instantiation.
2023-09-21 16:03:59.279 ERROR 10516 --- [main] com.zaxxer.hikari.pool.HikariPool        : HikariPool-1 - Exception during pool initialization.

java.sql.SQLException: ORA-12541: Cannot connect. No listener at host localhost port 1521. (CONNECTION_ID=JOnBBTvwQGqhI1qqcRRLEg==)
	at oracle.jdbc.driver.T4CConnection.handleLogonNetException(T4CConnection.java:1083) ~[ojdbc8-23.2.0.0.jar:23.2.0.0.0]
	at oracle.jdbc.driver.T4CConnection.logon(T4CConnection.java:863) ~[ojdbc8-23.2.0.0.jar:23.2.0.0.0]
	at oracle.jdbc.driver.PhysicalConnection.connect(PhysicalConnection.java:1101) ~[ojdbc8-23.2.0.0.jar:23.2.0.0.0]
	at oracle.jdbc.driver.T4CDriverExtension.getConnection(T4CDriverExtension.java:104) ~[ojdbc8-23.2.0.0.jar:23.2.0.0.0]
	at oracle.jdbc.driver.OracleDriver.connect(OracleDriver.java:837) ~[ojdbc8-23.2.0.0.jar:23.2.0.0.0]
	at oracle.jdbc.driver.OracleDriver.connect(OracleDriver.java:664) ~[ojdbc8-23.2.0.0.jar:23.2.0.0.0]
	at com.zaxxer.hikari.util.DriverDataSource.getConnection(DriverDataSource.java:138) ~[HikariCP-4.0.3.jar:na]
	at com.zaxxer.hikari.pool.PoolBase.newConnection(PoolBase.java:364) ~[HikariCP-4.0.3.jar:na]
	at com.zaxxer.hikari.pool.PoolBase.newPoolEntry(PoolBase.java:206) ~[HikariCP-4.0.3.jar:na]
	at com.zaxxer.hikari.pool.HikariPool.createPoolEntry(HikariPool.java:476) ~[HikariCP-4.0.3.jar:na]
	at com.zaxxer.hikari.pool.HikariPool.checkFailFast(HikariPool.java:561) ~[HikariCP-4.0.3.jar:na]
	at com.zaxxer.hikari.pool.HikariPool.<init>(HikariPool.java:115) ~[HikariCP-4.0.3.jar:na]
	at com.zaxxer.hikari.HikariDataSource.getConnection(HikariDataSource.java:112) ~[HikariCP-4.0.3.jar:na]
	at org.hibernate.engine.jdbc.connections.internal.DatasourceConnectionProviderImpl.getConnection(DatasourceConnectionProviderImpl.java:122) ~[hibernate-core-5.4.32.Final.jar:5.4.32.Final]
	at org.hibernate.engine.jdbc.env.internal.JdbcEnvironmentInitiator$ConnectionProviderJdbcConnectionAccess.obtainConnection(JdbcEnvironmentInitiator.java:180) ~[hibernate-core-5.4.32.Final.jar:5.4.32.Final]
	at org.hibernate.resource.transaction.backend.jdbc.internal.DdlTransactionIsolatorNonJtaImpl.getIsolatedConnection(DdlTransactionIsolatorNonJtaImpl.java:43) ~[hibernate-core-5.4.32.Final.jar:5.4.32.Final]
	at org.hibernate.tool.schema.internal.exec.ImprovedExtractionContextImpl.getJdbcConnection(ImprovedExtractionContextImpl.java:60) ~[hibernate-core-5.4.32.Final.jar:5.4.32.Final]
	at org.hibernate.tool.schema.extract.internal.SequenceInformationExtractorLegacyImpl.extractMetadata(SequenceInformationExtractorLegacyImpl.java:40) ~[hibernate-core-5.4.32.Final.jar:5.4.32.Final]
	at org.hibernate.tool.schema.extract.internal.DatabaseInformationImpl.initializeSequences(DatabaseInformationImpl.java:65) ~[hibernate-core-5.4.32.Final.jar:5.4.32.Final]
	at org.hibernate.tool.schema.extract.internal.DatabaseInformationImpl.<init>(DatabaseInformationImpl.java:59) ~[hibernate-core-5.4.32.Final.jar:5.4.32.Final]
	at org.hibernate.tool.schema.internal.Helper.buildDatabaseInformation(Helper.java:155) ~[hibernate-core-5.4.32.Final.jar:5.4.32.Final]
	at org.hibernate.tool.schema.internal.AbstractSchemaMigrator.doMigration(AbstractSchemaMigrator.java:96) ~[hibernate-core-5.4.32.Final.jar:5.4.32.Final]
	at org.hibernate.tool.schema.spi.SchemaManagementToolCoordinator.performDatabaseAction(SchemaManagementToolCoordinator.java:184) ~[hibernate-core-5.4.32.Final.jar:5.4.32.Final]
	at org.hibernate.tool.schema.spi.SchemaManagementToolCoordinator.process(SchemaManagementToolCoordinator.java:73) ~[hibernate-core-5.4.32.Final.jar:5.4.32.Final]
	at org.hibernate.internal.SessionFactoryImpl.<init>(SessionFactoryImpl.java:318) ~[hibernate-core-5.4.32.Final.jar:5.4.32.Final]
	at org.hibernate.boot.internal.SessionFactoryBuilderImpl.build(SessionFactoryBuilderImpl.java:468) ~[hibernate-core-5.4.32.Final.jar:5.4.32.Final]
	at org.hibernate.jpa.boot.internal.EntityManagerFactoryBuilderImpl.build(EntityManagerFactoryBuilderImpl.java:1259) ~[hibernate-core-5.4.32.Final.jar:5.4.32.Final]
	at org.springframework.orm.jpa.vendor.SpringHibernateJpaPersistenceProvider.createContainerEntityManagerFactory(SpringHibernateJpaPersistenceProvider.java:58) ~[spring-orm-5.3.8.jar:5.3.8]
	at org.springframework.orm.jpa.LocalContainerEntityManagerFactoryBean.createNativeEntityManagerFactory(LocalContainerEntityManagerFactoryBean.java:365) ~[spring-orm-5.3.8.jar:5.3.8]
	at org.springframework.orm.jpa.AbstractEntityManagerFactoryBean.buildNativeEntityManagerFactory(AbstractEntityManagerFactoryBean.java:409) ~[spring-orm-5.3.8.jar:5.3.8]
	at org.springframework.orm.jpa.AbstractEntityManagerFactoryBean.afterPropertiesSet(AbstractEntityManagerFactoryBean.java:396) ~[spring-orm-5.3.8.jar:5.3.8]
	at org.springframework.orm.jpa.LocalContainerEntityManagerFactoryBean.afterPropertiesSet(LocalContainerEntityManagerFactoryBean.java:341) ~[spring-orm-5.3.8.jar:5.3.8]
	at org.springframework.beans.factory.support.AbstractAutowireCapableBeanFactory.invokeInitMethods(AbstractAutowireCapableBeanFactory.java:1845) ~[spring-beans-5.3.8.jar:5.3.8]
	at org.springframework.beans.factory.support.AbstractAutowireCapableBeanFactory.initializeBean(AbstractAutowireCapableBeanFactory.java:1782) ~[spring-beans-5.3.8.jar:5.3.8]
	at org.springframework.beans.factory.support.AbstractAutowireCapableBeanFactory.doCreateBean(AbstractAutowireCapableBeanFactory.java:602) ~[spring-beans-5.3.8.jar:5.3.8]
	at org.springframework.beans.factory.support.AbstractAutowireCapableBeanFactory.createBean(AbstractAutowireCapableBeanFactory.java:524) ~[spring-beans-5.3.8.jar:5.3.8]
	at org.springframework.beans.factory.support.AbstractBeanFactory.lambda$doGetBean$0(AbstractBeanFactory.java:335) ~[spring-beans-5.3.8.jar:5.3.8]
	at org.springframework.beans.factory.support.DefaultSingletonBeanRegistry.getSingleton(DefaultSingletonBeanRegistry.java:234) ~[spring-beans-5.3.8.jar:5.3.8]
	at org.springframework.beans.factory.support.AbstractBeanFactory.doGetBean(AbstractBeanFactory.java:333) ~[spring-beans-5.3.8.jar:5.3.8]
	at org.springframework.beans.factory.support.AbstractBeanFactory.getBean(AbstractBeanFactory.java:208) ~[spring-beans-5.3.8.jar:5.3.8]
	at org.springframework.context.support.AbstractApplicationContext.getBean(AbstractApplicationContext.java:1154) ~[spring-context-5.3.8.jar:5.3.8]
	at org.springframework.context.support.AbstractApplicationContext.finishBeanFactoryInitialization(AbstractApplicationContext.java:908) ~[spring-context-5.3.8.jar:5.3.8]
	at org.springframework.context.support.AbstractApplicationContext.refresh(AbstractApplicationContext.java:583) ~[spring-context-5.3.8.jar:5.3.8]
	at org.springframework.boot.web.servlet.context.ServletWebServerApplicationContext.refresh(ServletWebServerApplicationContext.java:145) ~[spring-boot-2.5.2.jar:2.5.2]
	at org.springframework.boot.SpringApplication.refresh(SpringApplication.java:754) ~[spring-boot-2.5.2.jar:2.5.2]
	at org.springframework.boot.SpringApplication.refreshContext(SpringApplication.java:434) ~[spring-boot-2.5.2.jar:2.5.2]
	at org.springframework.boot.SpringApplication.run(SpringApplication.java:338) ~[spring-boot-2.5.2.jar:2.5.2]
	at org.springframework.boot.SpringApplication.run(SpringApplication.java:1343) ~[spring-boot-2.5.2.jar:2.5.2]
	at org.springframework.boot.SpringApplication.run(SpringApplication.java:1332) ~[spring-boot-2.5.2.jar:2.5.2]
	at com.rahulshettyacademy.SpringBootRestServiceApplication.main(SpringBootRestServiceApplication.java:15) ~[classes/:na]
Caused by: oracle.net.ns.NetException: ORA-12541: Cannot connect. No listener at host localhost port 1521. (CONNECTION_ID=JOnBBTvwQGqhI1qqcRRLEg==)
	at oracle.net.nt.TcpNTAdapter.establishSocket(TcpNTAdapter.java:312) ~[ojdbc8-23.2.0.0.jar:23.2.0.0.0]
	at oracle.net.nt.TcpNTAdapter.connect(TcpNTAdapter.java:223) ~[ojdbc8-23.2.0.0.jar:23.2.0.0.0]
	at oracle.net.nt.ConnOption.connect(ConnOption.java:259) ~[ojdbc8-23.2.0.0.jar:23.2.0.0.0]
	at oracle.net.nt.ConnStrategy.executeConnOption(ConnStrategy.java:1076) ~[ojdbc8-23.2.0.0.jar:23.2.0.0.0]
	at oracle.net.nt.ConnStrategy.execute(ConnStrategy.java:681) ~[ojdbc8-23.2.0.0.jar:23.2.0.0.0]
	at oracle.net.resolver.AddrResolution.resolveAndExecute(AddrResolution.java:688) ~[ojdbc8-23.2.0.0.jar:23.2.0.0.0]
	at oracle.net.ns.NSProtocol.establishConnection(NSProtocol.java:935) ~[ojdbc8-23.2.0.0.jar:23.2.0.0.0]
	at oracle.net.ns.NSProtocol.connect(NSProtocol.java:323) ~[ojdbc8-23.2.0.0.jar:23.2.0.0.0]
	at oracle.jdbc.driver.T4CConnection.connectSession(T4CConnection.java:2645) ~[ojdbc8-23.2.0.0.jar:23.2.0.0.0]
	at oracle.jdbc.driver.T4CConnection.logon(T4CConnection.java:795) ~[ojdbc8-23.2.0.0.jar:23.2.0.0.0]
	... 48 common frames omitted

2023-09-21 16:03:59.281  WARN 10516 --- [main] o.h.engine.jdbc.spi.SqlExceptionHelper   : SQL Error: 12541, SQLState: 66000
2023-09-21 16:03:59.281 ERROR 10516 --- [main] o.h.engine.jdbc.spi.SqlExceptionHelper   : ORA-12541: Cannot connect. No listener at host localhost port 1521. (CONNECTION_ID=JOnBBTvwQGqhI1qqcRRLEg==)
2023-09-21 16:03:59.291 ERROR 10516 --- [main] j.LocalContainerEntityManagerFactoryBean : Failed to initialize JPA EntityManagerFactory: [PersistenceUnit: default] Unable to build Hibernate SessionFactory; nested exception is org.hibernate.exception.GenericJDBCException: Unable to open JDBC Connection for DDL execution
2023-09-21 16:03:59.291  WARN 10516 --- [main] ConfigServletWebServerApplicationContext : Exception encountered during context initialization - cancelling refresh attempt: org.springframework.beans.factory.BeanCreationException: Error creating bean with name 'entityManagerFactory' defined in class path resource [org/springframework/boot/autoconfigure/orm/jpa/HibernateJpaConfiguration.class]: Invocation of init method failed; nested exception is javax.persistence.PersistenceException: [PersistenceUnit: default] Unable to build Hibernate SessionFactory; nested exception is org.hibernate.exception.GenericJDBCException: Unable to open JDBC Connection for DDL execution
2023-09-21 16:03:59.297  INFO 10516 --- [main] o.apache.catalina.core.StandardService   : Stopping service [Tomcat]
2023-09-21 16:03:59.337  INFO 10516 --- [main] ConditionEvaluationReportLoggingListener : 

Error starting ApplicationContext. To display the conditions report re-run your application with 'debug' enabled.
2023-09-21 16:03:59.379 ERROR 10516 --- [main] o.s.boot.SpringApplication               : Application run failed

org.springframework.beans.factory.BeanCreationException: Error creating bean with name 'entityManagerFactory' defined in class path resource [org/springframework/boot/autoconfigure/orm/jpa/HibernateJpaConfiguration.class]: Invocation of init method failed; nested exception is javax.persistence.PersistenceException: [PersistenceUnit: default] Unable to build Hibernate SessionFactory; nested exception is org.hibernate.exception.GenericJDBCException: Unable to open JDBC Connection for DDL execution
	at org.springframework.beans.factory.support.AbstractAutowireCapableBeanFactory.initializeBean(AbstractAutowireCapableBeanFactory.java:1786) ~[spring-beans-5.3.8.jar:5.3.8]
	at org.springframework.beans.factory.support.AbstractAutowireCapableBeanFactory.doCreateBean(AbstractAutowireCapableBeanFactory.java:602) ~[spring-beans-5.3.8.jar:5.3.8]
	at org.springframework.beans.factory.support.AbstractAutowireCapableBeanFactory.createBean(AbstractAutowireCapableBeanFactory.java:524) ~[spring-beans-5.3.8.jar:5.3.8]
	at org.springframework.beans.factory.support.AbstractBeanFactory.lambda$doGetBean$0(AbstractBeanFactory.java:335) ~[spring-beans-5.3.8.jar:5.3.8]
	at org.springframework.beans.factory.support.DefaultSingletonBeanRegistry.getSingleton(DefaultSingletonBeanRegistry.java:234) ~[spring-beans-5.3.8.jar:5.3.8]
	at org.springframework.beans.factory.support.AbstractBeanFactory.doGetBean(AbstractBeanFactory.java:333) ~[spring-beans-5.3.8.jar:5.3.8]
	at org.springframework.beans.factory.support.AbstractBeanFactory.getBean(AbstractBeanFactory.java:208) ~[spring-beans-5.3.8.jar:5.3.8]
	at org.springframework.context.support.AbstractApplicationContext.getBean(AbstractApplicationContext.java:1154) ~[spring-context-5.3.8.jar:5.3.8]
	at org.springframework.context.support.AbstractApplicationContext.finishBeanFactoryInitialization(AbstractApplicationContext.java:908) ~[spring-context-5.3.8.jar:5.3.8]
	at org.springframework.context.support.AbstractApplicationContext.refresh(AbstractApplicationContext.java:583) ~[spring-context-5.3.8.jar:5.3.8]
	at org.springframework.boot.web.servlet.context.ServletWebServerApplicationContext.refresh(ServletWebServerApplicationContext.java:145) ~[spring-boot-2.5.2.jar:2.5.2]
	at org.springframework.boot.SpringApplication.refresh(SpringApplication.java:754) ~[spring-boot-2.5.2.jar:2.5.2]
	at org.springframework.boot.SpringApplication.refreshContext(SpringApplication.java:434) ~[spring-boot-2.5.2.jar:2.5.2]
	at org.springframework.boot.SpringApplication.run(SpringApplication.java:338) ~[spring-boot-2.5.2.jar:2.5.2]
	at org.springframework.boot.SpringApplication.run(SpringApplication.java:1343) ~[spring-boot-2.5.2.jar:2.5.2]
	at org.springframework.boot.SpringApplication.run(SpringApplication.java:1332) ~[spring-boot-2.5.2.jar:2.5.2]
	at com.rahulshettyacademy.SpringBootRestServiceApplication.main(SpringBootRestServiceApplication.java:15) ~[classes/:na]
Caused by: javax.persistence.PersistenceException: [PersistenceUnit: default] Unable to build Hibernate SessionFactory; nested exception is org.hibernate.exception.GenericJDBCException: Unable to open JDBC Connection for DDL execution
	at org.springframework.orm.jpa.AbstractEntityManagerFactoryBean.buildNativeEntityManagerFactory(AbstractEntityManagerFactoryBean.java:421) ~[spring-orm-5.3.8.jar:5.3.8]
	at org.springframework.orm.jpa.AbstractEntityManagerFactoryBean.afterPropertiesSet(AbstractEntityManagerFactoryBean.java:396) ~[spring-orm-5.3.8.jar:5.3.8]
	at org.springframework.orm.jpa.LocalContainerEntityManagerFactoryBean.afterPropertiesSet(LocalContainerEntityManagerFactoryBean.java:341) ~[spring-orm-5.3.8.jar:5.3.8]
	at org.springframework.beans.factory.support.AbstractAutowireCapableBeanFactory.invokeInitMethods(AbstractAutowireCapableBeanFactory.java:1845) ~[spring-beans-5.3.8.jar:5.3.8]
	at org.springframework.beans.factory.support.AbstractAutowireCapableBeanFactory.initializeBean(AbstractAutowireCapableBeanFactory.java:1782) ~[spring-beans-5.3.8.jar:5.3.8]
	... 16 common frames omitted
Caused by: org.hibernate.exception.GenericJDBCException: Unable to open JDBC Connection for DDL execution
	at org.hibernate.exception.internal.StandardSQLExceptionConverter.convert(StandardSQLExceptionConverter.java:47) ~[hibernate-core-5.4.32.Final.jar:5.4.32.Final]
	at org.hibernate.engine.jdbc.spi.SqlExceptionHelper.convert(SqlExceptionHelper.java:113) ~[hibernate-core-5.4.32.Final.jar:5.4.32.Final]
	at org.hibernate.engine.jdbc.spi.SqlExceptionHelper.convert(SqlExceptionHelper.java:99) ~[hibernate-core-5.4.32.Final.jar:5.4.32.Final]
	at org.hibernate.resource.transaction.backend.jdbc.internal.DdlTransactionIsolatorNonJtaImpl.getIsolatedConnection(DdlTransactionIsolatorNonJtaImpl.java:69) ~[hibernate-core-5.4.32.Final.jar:5.4.32.Final]
	at org.hibernate.tool.schema.internal.exec.ImprovedExtractionContextImpl.getJdbcConnection(ImprovedExtractionContextImpl.java:60) ~[hibernate-core-5.4.32.Final.jar:5.4.32.Final]
	at org.hibernate.tool.schema.extract.internal.SequenceInformationExtractorLegacyImpl.extractMetadata(SequenceInformationExtractorLegacyImpl.java:40) ~[hibernate-core-5.4.32.Final.jar:5.4.32.Final]
	at org.hibernate.tool.schema.extract.internal.DatabaseInformationImpl.initializeSequences(DatabaseInformationImpl.java:65) ~[hibernate-core-5.4.32.Final.jar:5.4.32.Final]
	at org.hibernate.tool.schema.extract.internal.DatabaseInformationImpl.<init>(DatabaseInformationImpl.java:59) ~[hibernate-core-5.4.32.Final.jar:5.4.32.Final]
	at org.hibernate.tool.schema.internal.Helper.buildDatabaseInformation(Helper.java:155) ~[hibernate-core-5.4.32.Final.jar:5.4.32.Final]
	at org.hibernate.tool.schema.internal.AbstractSchemaMigrator.doMigration(AbstractSchemaMigrator.java:96) ~[hibernate-core-5.4.32.Final.jar:5.4.32.Final]
	at org.hibernate.tool.schema.spi.SchemaManagementToolCoordinator.performDatabaseAction(SchemaManagementToolCoordinator.java:184) ~[hibernate-core-5.4.32.Final.jar:5.4.32.Final]
	at org.hibernate.tool.schema.spi.SchemaManagementToolCoordinator.process(SchemaManagementToolCoordinator.java:73) ~[hibernate-core-5.4.32.Final.jar:5.4.32.Final]
	at org.hibernate.internal.SessionFactoryImpl.<init>(SessionFactoryImpl.java:318) ~[hibernate-core-5.4.32.Final.jar:5.4.32.Final]
	at org.hibernate.boot.internal.SessionFactoryBuilderImpl.build(SessionFactoryBuilderImpl.java:468) ~[hibernate-core-5.4.32.Final.jar:5.4.32.Final]
	at org.hibernate.jpa.boot.internal.EntityManagerFactoryBuilderImpl.build(EntityManagerFactoryBuilderImpl.java:1259) ~[hibernate-core-5.4.32.Final.jar:5.4.32.Final]
	at org.springframework.orm.jpa.vendor.SpringHibernateJpaPersistenceProvider.createContainerEntityManagerFactory(SpringHibernateJpaPersistenceProvider.java:58) ~[spring-orm-5.3.8.jar:5.3.8]
	at org.springframework.orm.jpa.LocalContainerEntityManagerFactoryBean.createNativeEntityManagerFactory(LocalContainerEntityManagerFactoryBean.java:365) ~[spring-orm-5.3.8.jar:5.3.8]
	at org.springframework.orm.jpa.AbstractEntityManagerFactoryBean.buildNativeEntityManagerFactory(AbstractEntityManagerFactoryBean.java:409) ~[spring-orm-5.3.8.jar:5.3.8]
	... 20 common frames omitted
Caused by: java.sql.SQLException: ORA-12541: Cannot connect. No listener at host localhost port 1521. (CONNECTION_ID=JOnBBTvwQGqhI1qqcRRLEg==)
	at oracle.jdbc.driver.T4CConnection.handleLogonNetException(T4CConnection.java:1083) ~[ojdbc8-23.2.0.0.jar:23.2.0.0.0]
	at oracle.jdbc.driver.T4CConnection.logon(T4CConnection.java:863) ~[ojdbc8-23.2.0.0.jar:23.2.0.0.0]
	at oracle.jdbc.driver.PhysicalConnection.connect(PhysicalConnection.java:1101) ~[ojdbc8-23.2.0.0.jar:23.2.0.0.0]
	at oracle.jdbc.driver.T4CDriverExtension.getConnection(T4CDriverExtension.java:104) ~[ojdbc8-23.2.0.0.jar:23.2.0.0.0]
	at oracle.jdbc.driver.OracleDriver.connect(OracleDriver.java:837) ~[ojdbc8-23.2.0.0.jar:23.2.0.0.0]
	at oracle.jdbc.driver.OracleDriver.connect(OracleDriver.java:664) ~[ojdbc8-23.2.0.0.jar:23.2.0.0.0]
	at com.zaxxer.hikari.util.DriverDataSource.getConnection(DriverDataSource.java:138) ~[HikariCP-4.0.3.jar:na]
	at com.zaxxer.hikari.pool.PoolBase.newConnection(PoolBase.java:364) ~[HikariCP-4.0.3.jar:na]
	at com.zaxxer.hikari.pool.PoolBase.newPoolEntry(PoolBase.java:206) ~[HikariCP-4.0.3.jar:na]
	at com.zaxxer.hikari.pool.HikariPool.createPoolEntry(HikariPool.java:476) ~[HikariCP-4.0.3.jar:na]
	at com.zaxxer.hikari.pool.HikariPool.checkFailFast(HikariPool.java:561) ~[HikariCP-4.0.3.jar:na]
	at com.zaxxer.hikari.pool.HikariPool.<init>(HikariPool.java:115) ~[HikariCP-4.0.3.jar:na]
	at com.zaxxer.hikari.HikariDataSource.getConnection(HikariDataSource.java:112) ~[HikariCP-4.0.3.jar:na]
	at org.hibernate.engine.jdbc.connections.internal.DatasourceConnectionProviderImpl.getConnection(DatasourceConnectionProviderImpl.java:122) ~[hibernate-core-5.4.32.Final.jar:5.4.32.Final]
	at org.hibernate.engine.jdbc.env.internal.JdbcEnvironmentInitiator$ConnectionProviderJdbcConnectionAccess.obtainConnection(JdbcEnvironmentInitiator.java:180) ~[hibernate-core-5.4.32.Final.jar:5.4.32.Final]
	at org.hibernate.resource.transaction.backend.jdbc.internal.DdlTransactionIsolatorNonJtaImpl.getIsolatedConnection(DdlTransactionIsolatorNonJtaImpl.java:43) ~[hibernate-core-5.4.32.Final.jar:5.4.32.Final]
	... 34 common frames omitted
Caused by: oracle.net.ns.NetException: ORA-12541: Cannot connect. No listener at host localhost port 1521. (CONNECTION_ID=JOnBBTvwQGqhI1qqcRRLEg==)
	at oracle.net.nt.TcpNTAdapter.establishSocket(TcpNTAdapter.java:312) ~[ojdbc8-23.2.0.0.jar:23.2.0.0.0]
	at oracle.net.nt.TcpNTAdapter.connect(TcpNTAdapter.java:223) ~[ojdbc8-23.2.0.0.jar:23.2.0.0.0]
	at oracle.net.nt.ConnOption.connect(ConnOption.java:259) ~[ojdbc8-23.2.0.0.jar:23.2.0.0.0]
	at oracle.net.nt.ConnStrategy.executeConnOption(ConnStrategy.java:1076) ~[ojdbc8-23.2.0.0.jar:23.2.0.0.0]
	at oracle.net.nt.ConnStrategy.execute(ConnStrategy.java:681) ~[ojdbc8-23.2.0.0.jar:23.2.0.0.0]
	at oracle.net.resolver.AddrResolution.resolveAndExecute(AddrResolution.java:688) ~[ojdbc8-23.2.0.0.jar:23.2.0.0.0]
	at oracle.net.ns.NSProtocol.establishConnection(NSProtocol.java:935) ~[ojdbc8-23.2.0.0.jar:23.2.0.0.0]
	at oracle.net.ns.NSProtocol.connect(NSProtocol.java:323) ~[ojdbc8-23.2.0.0.jar:23.2.0.0.0]
	at oracle.jdbc.driver.T4CConnection.connectSession(T4CConnection.java:2645) ~[ojdbc8-23.2.0.0.jar:23.2.0.0.0]
	at oracle.jdbc.driver.T4CConnection.logon(T4CConnection.java:795) ~[ojdbc8-23.2.0.0.jar:23.2.0.0.0]
	... 48 common frames omitted

2023-09-21 16:09:09.689  INFO 14184 --- [main] c.r.SpringBootRestServiceApplication     : Starting SpringBootRestServiceApplication using Java 18.0.1.1 on EPINPUNW0254 with PID 14184 (D:\practice_workspace\java_space\rahul-shetty-pact-testing\SpringBootRestService\target\classes started by Kiranmoy_Paul in D:\practice_workspace\java_space\rahul-shetty-pact-testing\SpringBootRestService)
2023-09-21 16:09:09.698  INFO 14184 --- [main] c.r.SpringBootRestServiceApplication     : No active profile set, falling back to default profiles: default
2023-09-21 16:09:11.375  INFO 14184 --- [main] .s.d.r.c.RepositoryConfigurationDelegate : Bootstrapping Spring Data JPA repositories in DEFAULT mode.
2023-09-21 16:09:11.523  INFO 14184 --- [main] .s.d.r.c.RepositoryConfigurationDelegate : Finished Spring Data repository scanning in 127 ms. Found 1 JPA repository interfaces.
2023-09-21 16:09:13.402  INFO 14184 --- [main] o.s.b.w.embedded.tomcat.TomcatWebServer  : Tomcat initialized with port(s): 9090 (http)
2023-09-21 16:09:13.432  INFO 14184 --- [main] o.apache.catalina.core.StandardService   : Starting service [Tomcat]
2023-09-21 16:09:13.433  INFO 14184 --- [main] org.apache.catalina.core.StandardEngine  : Starting Servlet engine: [Apache Tomcat/9.0.48]
2023-09-21 16:09:13.699  INFO 14184 --- [main] o.a.c.c.C.[Tomcat].[localhost].[/]       : Initializing Spring embedded WebApplicationContext
2023-09-21 16:09:13.700  INFO 14184 --- [main] w.s.c.ServletWebServerApplicationContext : Root WebApplicationContext: initialization completed in 3850 ms
2023-09-21 16:09:13.727 TRACE 14184 --- [main] o.s.b.w.s.ServletContextInitializerBeans : Added existing Servlet initializer bean 'dispatcherServletRegistration'; order=2147483647, resource=class path resource [org/springframework/boot/autoconfigure/web/servlet/DispatcherServletAutoConfiguration$DispatcherServletRegistrationConfiguration.class]
2023-09-21 16:09:13.758 TRACE 14184 --- [main] o.s.b.w.s.ServletContextInitializerBeans : Created Filter initializer for bean 'characterEncodingFilter'; order=-2147483648, resource=class path resource [org/springframework/boot/autoconfigure/web/servlet/HttpEncodingAutoConfiguration.class]
2023-09-21 16:09:13.759 TRACE 14184 --- [main] o.s.b.w.s.ServletContextInitializerBeans : Created Filter initializer for bean 'formContentFilter'; order=-9900, resource=class path resource [org/springframework/boot/autoconfigure/web/servlet/WebMvcAutoConfiguration.class]
2023-09-21 16:09:13.760 TRACE 14184 --- [main] o.s.b.w.s.ServletContextInitializerBeans : Created Filter initializer for bean 'requestContextFilter'; order=-105, resource=class path resource [org/springframework/boot/autoconfigure/web/servlet/WebMvcAutoConfiguration$WebMvcAutoConfigurationAdapter.class]
2023-09-21 16:09:13.770 DEBUG 14184 --- [main] o.s.b.w.s.ServletContextInitializerBeans : Mapping filters: characterEncodingFilter urls=[/*] order=-2147483648, formContentFilter urls=[/*] order=-9900, requestContextFilter urls=[/*] order=-105
2023-09-21 16:09:13.771 DEBUG 14184 --- [main] o.s.b.w.s.ServletContextInitializerBeans : Mapping servlets: dispatcherServlet urls=[/]
2023-09-21 16:09:14.401  INFO 14184 --- [main] com.zaxxer.hikari.HikariDataSource       : HikariPool-1 - Starting...
2023-09-21 16:09:14.412  WARN 14184 --- [main] com.zaxxer.hikari.util.DriverDataSource  : Registered driver with driverClassName=oracle.jdbc.driver.OracleDriver was not found, trying direct instantiation.
2023-09-21 16:09:15.396  INFO 14184 --- [main] com.zaxxer.hikari.HikariDataSource       : HikariPool-1 - Start completed.
2023-09-21 16:09:15.802  INFO 14184 --- [main] o.hibernate.jpa.internal.util.LogHelper  : HHH000204: Processing PersistenceUnitInfo [name: default]
2023-09-21 16:09:16.131  INFO 14184 --- [main] org.hibernate.Version                    : HHH000412: Hibernate ORM core version 5.4.32.Final
2023-09-21 16:09:16.631  INFO 14184 --- [main] o.hibernate.annotations.common.Version   : HCANN000001: Hibernate Commons Annotations {5.1.2.Final}
2023-09-21 16:09:17.021  INFO 14184 --- [main] org.hibernate.dialect.Dialect            : HHH000400: Using dialect: org.hibernate.dialect.Oracle12cDialect
2023-09-21 16:09:24.984  INFO 14184 --- [main] o.h.e.t.j.p.i.JtaPlatformInitiator       : HHH000490: Using JtaPlatform implementation: [org.hibernate.engine.transaction.jta.platform.internal.NoJtaPlatform]
2023-09-21 16:09:25.022  INFO 14184 --- [main] j.LocalContainerEntityManagerFactoryBean : Initialized JPA EntityManagerFactory for persistence unit 'default'
2023-09-21 16:09:25.794  WARN 14184 --- [main] JpaBaseConfiguration$JpaWebConfiguration : spring.jpa.open-in-view is enabled by default. Therefore, database queries may be performed during view rendering. Explicitly configure spring.jpa.open-in-view to disable this warning
2023-09-21 16:09:26.173 DEBUG 14184 --- [main] s.w.s.m.m.a.RequestMappingHandlerAdapter : ControllerAdvice beans: 0 @ModelAttribute, 0 @InitBinder, 1 RequestBodyAdvice, 1 ResponseBodyAdvice
2023-09-21 16:09:26.308 TRACE 14184 --- [main] s.w.s.m.m.a.RequestMappingHandlerMapping : 
	c.r.c.GreetingController:
	{GET [/greeting]}: greeting(String)
2023-09-21 16:09:26.323 TRACE 14184 --- [main] s.w.s.m.m.a.RequestMappingHandlerMapping : 
	c.r.c.LibraryController:
	{POST [/addBook]}: addBookImplementation(Books)
	{GET [/getBooks/author]}: getBookByAuthorName(String)
	{GET [/getProductDetails/{name}]}: getProductFullDetails(String)
	{ [/getBooks/{id}]}: getBookById(String)
	{GET [/getBooks]}: getBooks()
	{PUT [/updateBook/{id}]}: updateBook(String,Books)
	{DELETE [/deleteBook]}: deleteBookById(Books)
	{GET [/getProductPrices]}: getProductPrices()
2023-09-21 16:09:26.333 TRACE 14184 --- [main] s.w.s.m.m.a.RequestMappingHandlerMapping : 
	o.s.b.a.w.s.e.BasicErrorController:
	{ [/error]}: error(HttpServletRequest)
	{ [/error], produces [text/html]}: errorHtml(HttpServletRequest,HttpServletResponse)
2023-09-21 16:09:26.337 DEBUG 14184 --- [main] s.w.s.m.m.a.RequestMappingHandlerMapping : 11 mappings in 'requestMappingHandlerMapping'
2023-09-21 16:09:26.376 DEBUG 14184 --- [main] o.s.w.s.h.BeanNameUrlHandlerMapping      : Detected 0 mappings in 'beanNameHandlerMapping'
2023-09-21 16:09:26.390 TRACE 14184 --- [main] o.s.w.s.f.support.RouterFunctionMapping  : 0 RouterFunction(s) in 'routerFunctionMapping'
2023-09-21 16:09:26.414 TRACE 14184 --- [main] o.s.w.s.handler.SimpleUrlHandlerMapping  : Mapped [/webjars/**] onto ResourceHttpRequestHandler [Classpath [META-INF/resources/webjars/]]
2023-09-21 16:09:26.414 TRACE 14184 --- [main] o.s.w.s.handler.SimpleUrlHandlerMapping  : Mapped [/**] onto ResourceHttpRequestHandler [Classpath [META-INF/resources/], Classpath [resources/], Classpath [static/], Classpath [public/], ServletContext [/]]
2023-09-21 16:09:26.416 DEBUG 14184 --- [main] o.s.w.s.handler.SimpleUrlHandlerMapping  : Patterns [/webjars/**, /**] in 'resourceHandlerMapping'
2023-09-21 16:09:26.432 DEBUG 14184 --- [main] .m.m.a.ExceptionHandlerExceptionResolver : ControllerAdvice beans: 0 @ExceptionHandler, 1 ResponseBodyAdvice
2023-09-21 16:09:26.631  INFO 14184 --- [main] o.s.b.w.embedded.tomcat.TomcatWebServer  : Tomcat started on port(s): 9090 (http) with context path ''
2023-09-21 16:09:26.662  INFO 14184 --- [main] c.r.SpringBootRestServiceApplication     : Started SpringBootRestServiceApplication in 18.196 seconds (JVM running for 19.279)
2023-09-21 16:09:49.051  INFO 14184 --- [http-nio-9090-exec-1] o.a.c.c.C.[Tomcat].[localhost].[/]       : Initializing Spring DispatcherServlet 'dispatcherServlet'
2023-09-21 16:09:49.052  INFO 14184 --- [http-nio-9090-exec-1] o.s.web.servlet.DispatcherServlet        : Initializing Servlet 'dispatcherServlet'
2023-09-21 16:09:49.052 TRACE 14184 --- [http-nio-9090-exec-1] o.s.web.servlet.DispatcherServlet        : Detected org.springframework.web.multipart.support.StandardServletMultipartResolver@254d8ef6
2023-09-21 16:09:49.052 TRACE 14184 --- [http-nio-9090-exec-1] o.s.web.servlet.DispatcherServlet        : Detected org.springframework.web.servlet.i18n.AcceptHeaderLocaleResolver@7a14ab66
2023-09-21 16:09:49.052 TRACE 14184 --- [http-nio-9090-exec-1] o.s.web.servlet.DispatcherServlet        : Detected org.springframework.web.servlet.theme.FixedThemeResolver@a11efe6
2023-09-21 16:09:49.054 TRACE 14184 --- [http-nio-9090-exec-1] o.s.web.servlet.DispatcherServlet        : Detected DefaultRequestToViewNameTranslator
2023-09-21 16:09:49.055 TRACE 14184 --- [http-nio-9090-exec-1] o.s.web.servlet.DispatcherServlet        : Detected SessionFlashMapManager
2023-09-21 16:09:49.055 DEBUG 14184 --- [http-nio-9090-exec-1] o.s.web.servlet.DispatcherServlet        : enableLoggingRequestDetails='false': request parameters and headers will be masked to prevent unsafe logging of potentially sensitive data
2023-09-21 16:09:49.055  INFO 14184 --- [http-nio-9090-exec-1] o.s.web.servlet.DispatcherServlet        : Completed initialization in 3 ms
2023-09-21 16:09:49.073 TRACE 14184 --- [http-nio-9090-exec-1] o.s.web.servlet.DispatcherServlet        : GET "/getProductDetails/Spring", parameters={}, headers={masked} in DispatcherServlet 'dispatcherServlet'
2023-09-21 16:09:49.079 TRACE 14184 --- [http-nio-9090-exec-1] s.w.s.m.m.a.RequestMappingHandlerMapping : Mapped to com.rahulshettyacademy.controller.LibraryController#getProductFullDetails(String)
2023-09-21 16:09:49.121 TRACE 14184 --- [http-nio-9090-exec-1] o.s.web.method.HandlerMethod             : Arguments: [Spring]
2023-09-21 16:09:49.551 DEBUG 14184 --- [http-nio-9090-exec-1] o.s.web.client.RestTemplate              : HTTP GET http://localhost:9191/getCourseByName/Spring
2023-09-21 16:09:49.557 DEBUG 14184 --- [http-nio-9090-exec-1] o.s.web.client.RestTemplate              : Accept=[text/plain, application/json, application/*+json, */*]
2023-09-21 16:09:49.853 DEBUG 14184 --- [http-nio-9090-exec-1] o.s.web.client.RestTemplate              : Response 404 NOT_FOUND
2023-09-21 16:09:49.854 DEBUG 14184 --- [http-nio-9090-exec-1] o.s.web.client.RestTemplate              : Reading to [java.lang.String] as "application/json"
2023-09-21 16:09:49.942 DEBUG 14184 --- [http-nio-9090-exec-1] m.m.a.RequestResponseBodyMethodProcessor : Using 'application/json', given [*/*] and supported [application/json, application/*+json, application/json, application/*+json]
2023-09-21 16:09:49.944 TRACE 14184 --- [http-nio-9090-exec-1] m.m.a.RequestResponseBodyMethodProcessor : Writing [com.rahulshettyacademy.model.SpecificProduct@5ce0bf1b]
2023-09-21 16:09:49.977 TRACE 14184 --- [http-nio-9090-exec-1] s.w.s.m.m.a.RequestMappingHandlerAdapter : Applying default cacheSeconds=-1
2023-09-21 16:09:49.978 TRACE 14184 --- [http-nio-9090-exec-1] o.s.web.servlet.DispatcherServlet        : No view rendering, null ModelAndView returned.
2023-09-21 16:09:49.979 DEBUG 14184 --- [http-nio-9090-exec-1] o.s.web.servlet.DispatcherServlet        : Completed 200 OK, headers={masked}
2023-09-21 16:09:55.906 TRACE 14184 --- [http-nio-9090-exec-3] o.s.web.servlet.DispatcherServlet        : GET "/getProductDetails/spring", parameters={}, headers={masked} in DispatcherServlet 'dispatcherServlet'
2023-09-21 16:09:55.908 TRACE 14184 --- [http-nio-9090-exec-3] s.w.s.m.m.a.RequestMappingHandlerMapping : Mapped to com.rahulshettyacademy.controller.LibraryController#getProductFullDetails(String)
2023-09-21 16:09:55.909 TRACE 14184 --- [http-nio-9090-exec-3] o.s.web.method.HandlerMethod             : Arguments: [spring]
2023-09-21 16:09:55.960 DEBUG 14184 --- [http-nio-9090-exec-3] o.s.web.client.RestTemplate              : HTTP GET http://localhost:9191/getCourseByName/spring
2023-09-21 16:09:55.961 DEBUG 14184 --- [http-nio-9090-exec-3] o.s.web.client.RestTemplate              : Accept=[text/plain, application/json, application/*+json, */*]
2023-09-21 16:09:55.990 DEBUG 14184 --- [http-nio-9090-exec-3] o.s.web.client.RestTemplate              : Response 404 NOT_FOUND
2023-09-21 16:09:55.991 DEBUG 14184 --- [http-nio-9090-exec-3] o.s.web.client.RestTemplate              : Reading to [java.lang.String] as "application/json"
2023-09-21 16:09:55.991 DEBUG 14184 --- [http-nio-9090-exec-3] m.m.a.RequestResponseBodyMethodProcessor : Using 'application/json', given [*/*] and supported [application/json, application/*+json, application/json, application/*+json]
2023-09-21 16:09:55.992 TRACE 14184 --- [http-nio-9090-exec-3] m.m.a.RequestResponseBodyMethodProcessor : Writing [com.rahulshettyacademy.model.SpecificProduct@71144b1c]
2023-09-21 16:09:55.993 TRACE 14184 --- [http-nio-9090-exec-3] s.w.s.m.m.a.RequestMappingHandlerAdapter : Applying default cacheSeconds=-1
2023-09-21 16:09:55.993 TRACE 14184 --- [http-nio-9090-exec-3] o.s.web.servlet.DispatcherServlet        : No view rendering, null ModelAndView returned.
2023-09-21 16:09:55.994 DEBUG 14184 --- [http-nio-9090-exec-3] o.s.web.servlet.DispatcherServlet        : Completed 200 OK, headers={masked}
2023-09-21 16:10:07.608 TRACE 14184 --- [http-nio-9090-exec-6] o.s.web.servlet.DispatcherServlet        : GET "/getProductDetails/appium", parameters={}, headers={masked} in DispatcherServlet 'dispatcherServlet'
2023-09-21 16:10:07.609 TRACE 14184 --- [http-nio-9090-exec-6] s.w.s.m.m.a.RequestMappingHandlerMapping : Mapped to com.rahulshettyacademy.controller.LibraryController#getProductFullDetails(String)
2023-09-21 16:10:07.610 TRACE 14184 --- [http-nio-9090-exec-6] o.s.web.method.HandlerMethod             : Arguments: [appium]
2023-09-21 16:10:07.626 DEBUG 14184 --- [http-nio-9090-exec-6] o.s.web.client.RestTemplate              : HTTP GET http://localhost:9191/getCourseByName/appium
2023-09-21 16:10:07.628 DEBUG 14184 --- [http-nio-9090-exec-6] o.s.web.client.RestTemplate              : Accept=[text/plain, application/json, application/*+json, */*]
2023-09-21 16:10:07.652 DEBUG 14184 --- [http-nio-9090-exec-6] o.s.web.client.RestTemplate              : Response 404 NOT_FOUND
2023-09-21 16:10:07.653 DEBUG 14184 --- [http-nio-9090-exec-6] o.s.web.client.RestTemplate              : Reading to [java.lang.String] as "application/json"
2023-09-21 16:10:07.655 DEBUG 14184 --- [http-nio-9090-exec-6] m.m.a.RequestResponseBodyMethodProcessor : Using 'application/json', given [*/*] and supported [application/json, application/*+json, application/json, application/*+json]
2023-09-21 16:10:07.655 TRACE 14184 --- [http-nio-9090-exec-6] m.m.a.RequestResponseBodyMethodProcessor : Writing [com.rahulshettyacademy.model.SpecificProduct@ef855c5]
2023-09-21 16:10:07.662 TRACE 14184 --- [http-nio-9090-exec-6] s.w.s.m.m.a.RequestMappingHandlerAdapter : Applying default cacheSeconds=-1
2023-09-21 16:10:07.662 TRACE 14184 --- [http-nio-9090-exec-6] o.s.web.servlet.DispatcherServlet        : No view rendering, null ModelAndView returned.
2023-09-21 16:10:07.663 DEBUG 14184 --- [http-nio-9090-exec-6] o.s.web.servlet.DispatcherServlet        : Completed 200 OK, headers={masked}
2023-09-21 16:10:14.651 TRACE 14184 --- [http-nio-9090-exec-7] o.s.web.servlet.DispatcherServlet        : GET "/getProductDetails/spring", parameters={}, headers={masked} in DispatcherServlet 'dispatcherServlet'
2023-09-21 16:10:14.653 TRACE 14184 --- [http-nio-9090-exec-7] s.w.s.m.m.a.RequestMappingHandlerMapping : Mapped to com.rahulshettyacademy.controller.LibraryController#getProductFullDetails(String)
2023-09-21 16:10:14.653 TRACE 14184 --- [http-nio-9090-exec-7] o.s.web.method.HandlerMethod             : Arguments: [spring]
2023-09-21 16:10:14.689 DEBUG 14184 --- [http-nio-9090-exec-7] o.s.web.client.RestTemplate              : HTTP GET http://localhost:9191/getCourseByName/spring
2023-09-21 16:10:14.690 DEBUG 14184 --- [http-nio-9090-exec-7] o.s.web.client.RestTemplate              : Accept=[text/plain, application/json, application/*+json, */*]
2023-09-21 16:10:14.719 DEBUG 14184 --- [http-nio-9090-exec-7] o.s.web.client.RestTemplate              : Response 404 NOT_FOUND
2023-09-21 16:10:14.720 DEBUG 14184 --- [http-nio-9090-exec-7] o.s.web.client.RestTemplate              : Reading to [java.lang.String] as "application/json"
2023-09-21 16:10:14.721 DEBUG 14184 --- [http-nio-9090-exec-7] m.m.a.RequestResponseBodyMethodProcessor : Using 'application/json', given [*/*] and supported [application/json, application/*+json, application/json, application/*+json]
2023-09-21 16:10:14.721 TRACE 14184 --- [http-nio-9090-exec-7] m.m.a.RequestResponseBodyMethodProcessor : Writing [com.rahulshettyacademy.model.SpecificProduct@10036133]
2023-09-21 16:10:14.723 TRACE 14184 --- [http-nio-9090-exec-7] s.w.s.m.m.a.RequestMappingHandlerAdapter : Applying default cacheSeconds=-1
2023-09-21 16:10:14.723 TRACE 14184 --- [http-nio-9090-exec-7] o.s.web.servlet.DispatcherServlet        : No view rendering, null ModelAndView returned.
2023-09-21 16:10:14.723 DEBUG 14184 --- [http-nio-9090-exec-7] o.s.web.servlet.DispatcherServlet        : Completed 200 OK, headers={masked}
2023-09-21 16:10:23.678 TRACE 14184 --- [http-nio-9090-exec-10] o.s.web.servlet.DispatcherServlet        : GET "/getProductDetails/appium", parameters={}, headers={masked} in DispatcherServlet 'dispatcherServlet'
2023-09-21 16:10:23.679 TRACE 14184 --- [http-nio-9090-exec-10] s.w.s.m.m.a.RequestMappingHandlerMapping : Mapped to com.rahulshettyacademy.controller.LibraryController#getProductFullDetails(String)
2023-09-21 16:10:23.679 TRACE 14184 --- [http-nio-9090-exec-10] o.s.web.method.HandlerMethod             : Arguments: [appium]
2023-09-21 16:10:23.690 DEBUG 14184 --- [http-nio-9090-exec-10] o.s.web.client.RestTemplate              : HTTP GET http://localhost:9191/getCourseByName/appium
2023-09-21 16:10:23.691 DEBUG 14184 --- [http-nio-9090-exec-10] o.s.web.client.RestTemplate              : Accept=[text/plain, application/json, application/*+json, */*]
2023-09-21 16:10:23.704 DEBUG 14184 --- [http-nio-9090-exec-10] o.s.web.client.RestTemplate              : Response 404 NOT_FOUND
2023-09-21 16:10:23.705 DEBUG 14184 --- [http-nio-9090-exec-10] o.s.web.client.RestTemplate              : Reading to [java.lang.String] as "application/json"
2023-09-21 16:10:23.706 DEBUG 14184 --- [http-nio-9090-exec-10] m.m.a.RequestResponseBodyMethodProcessor : Using 'application/json', given [*/*] and supported [application/json, application/*+json, application/json, application/*+json]
2023-09-21 16:10:23.707 TRACE 14184 --- [http-nio-9090-exec-10] m.m.a.RequestResponseBodyMethodProcessor : Writing [com.rahulshettyacademy.model.SpecificProduct@54c911a9]
2023-09-21 16:10:23.708 TRACE 14184 --- [http-nio-9090-exec-10] s.w.s.m.m.a.RequestMappingHandlerAdapter : Applying default cacheSeconds=-1
2023-09-21 16:10:23.709 TRACE 14184 --- [http-nio-9090-exec-10] o.s.web.servlet.DispatcherServlet        : No view rendering, null ModelAndView returned.
2023-09-21 16:10:23.709 DEBUG 14184 --- [http-nio-9090-exec-10] o.s.web.servlet.DispatcherServlet        : Completed 200 OK, headers={masked}
2023-09-21 16:11:30.234  INFO 14184 --- [SpringApplicationShutdownHook] j.LocalContainerEntityManagerFactoryBean : Closing JPA EntityManagerFactory for persistence unit 'default'
2023-09-21 16:11:30.236  INFO 14184 --- [SpringApplicationShutdownHook] com.zaxxer.hikari.HikariDataSource       : HikariPool-1 - Shutdown initiated...
2023-09-21 16:11:30.275  INFO 14184 --- [SpringApplicationShutdownHook] com.zaxxer.hikari.HikariDataSource       : HikariPool-1 - Shutdown completed.
